<?xml version="1.0" encoding="UTF-8"?>
<!-- Generated by org.testng.reporters.JUnitXMLReporter -->
<testsuite ignored="0" hostname="DESKTOP-UL7JFQ0" failures="0" tests="3" name="Default test" time="6.937" errors="0" timestamp="2025-05-06T16:12:28 EEST">
  <testcase classname="automation.recapet.inventoryTest" name="loginSuccessfully" time="0.227"/>
  <testcase classname="automation.recapet.inventoryTest" name="sorting" time="0.115"/>
  <testcase classname="automation.recapet.inventoryTest" name="productAdded" time="4.097"/>
</testsuite> <!-- Default test -->
