<?xml version="1.0" encoding="UTF-8"?>
<!-- Generated by org.testng.reporters.JUnitXMLReporter -->
<testsuite ignored="0" hostname="DESKTOP-UL7JFQ0" failures="0" tests="10" name="Test2" time="25.372" errors="0" timestamp="2025-05-06T15:55:40 EEST">
  <testcase classname="automation.recapet.TestcheckOutFlow" name="loginSuccessfully" time="0.215"/>
  <testcase classname="automation.recapet.TestcheckOutFlow" name="sorting" time="5.133"/>
  <testcase classname="automation.recapet.TestcheckOutFlow" name="productAdded" time="9.083"/>
  <testcase classname="automation.recapet.TestcheckOutFlow" name="navigateToCart" time="0.087"/>
  <testcase classname="automation.recapet.TestcheckOutFlow" name="bothProductAppearCorrect" time="0.042"/>
  <testcase classname="automation.recapet.TestcheckOutFlow" name="checkCartCount" time="0.016"/>
  <testcase classname="automation.recapet.TestcheckOutFlow" name="fillInformation" time="9.285"/>
  <testcase classname="automation.recapet.TestcheckOutFlow" name="scrollDown" time="0.006"/>
  <testcase classname="automation.recapet.TestcheckOutFlow" name="completeOrder" time="0.052"/>
  <testcase classname="automation.recapet.TestcheckOutFlow" name="ConfirmationTheOrder" time="0.024"/>
</testsuite> <!-- Test2 -->
