<?xml version="1.0" encoding="UTF-8"?>
<!-- Generated by org.testng.reporters.JUnitXMLReporter -->
<testsuite ignored="0" hostname="DESKTOP-UL7JFQ0" failures="0" tests="21" name="Test1" time="47.298" errors="0" timestamp="2025-05-06T17:05:16 EEST">
  <testcase classname="automation.recapet.testLogin" name="loginSuccessfully" time="0.22"/>
  <testcase classname="automation.recapet.testLogin" name="navigateBack" time="0.058"/>
  <testcase classname="automation.recapet.testLogin" name="invaledLogin" time="0.164"/>
  <testcase classname="automation.recapet.inventoryTest" name="loginSuccessfully" time="0.209"/>
  <testcase classname="automation.recapet.inventoryTest" name="sorting" time="0.12"/>
  <testcase classname="automation.recapet.inventoryTest" name="productAdded" time="4.104"/>
  <testcase classname="automation.recapet.testCart" name="loginSuccessfully" time="0.202"/>
  <testcase classname="automation.recapet.testCart" name="sorting" time="0.108"/>
  <testcase classname="automation.recapet.testCart" name="productAdded" time="9.106"/>
  <testcase classname="automation.recapet.testCart" name="navigateToCart" time="0.084"/>
  <testcase classname="automation.recapet.testCart" name="bothProductAppearCorrect" time="0.038"/>
  <testcase classname="automation.recapet.testCart" name="checkCartCount" time="0.014"/>
  <testcase classname="automation.recapet.testCart" name="clickOnCheckOut" time="0.05"/>
  <testcase classname="automation.recapet.TestcheckOutFlow" name="loginSuccessfully" time="0.193"/>
  <testcase classname="automation.recapet.TestcheckOutFlow" name="sorting" time="5.111"/>
  <testcase classname="automation.recapet.TestcheckOutFlow" name="productAdded" time="9.086"/>
  <testcase classname="automation.recapet.TestcheckOutFlow" name="navigateToCart" time="0.103"/>
  <testcase classname="automation.recapet.TestcheckOutFlow" name="fillInformation" time="9.295"/>
  <testcase classname="automation.recapet.TestcheckOutFlow" name="scrollDown" time="0.006"/>
  <testcase classname="automation.recapet.TestcheckOutFlow" name="completeOrder" time="0.046"/>
  <testcase classname="automation.recapet.TestcheckOutFlow" name="ConfirmationTheOrder" time="0.02"/>
</testsuite> <!-- Test1 -->
